<?xml version="1.0" encoding="UTF-8"?>
<!-- Generated by org.testng.reporters.JUnitReportReporter -->
<testsuite hostname="Vedant-Honor" failures="0" tests="1" name="Sample.sample" time="0.007" errors="0" timestamp="2023-08-03T22:17:30 BST" skipped="0">
  <testcase classname="Sample.sample" name="sample" time="0.007"/>
  <system-out/>
</testsuite> <!-- Sample.sample -->
