<?xml version="1.0" encoding="UTF-8"?>
<!-- Generated by org.testng.reporters.JUnitReportReporter -->
<testsuite hostname="Vedant-Honor" failures="0" tests="1" name="Sample.demo" time="0.015" errors="0" timestamp="2023-08-03T20:03:25 BST" skipped="0">
  <testcase classname="Sample.demo" name="sample" time="0.015"/>
  <system-out/>
</testsuite> <!-- Sample.demo -->
